app/build/outputs/logs/manifest-merger-debug-report.txt
-- Merging decision tree log ---
manifest
ADDED from src\main\AndroidManifest.xml:1:1-48:12
	package
		ADDED from src\main\AndroidManifest.xml:2:5-35
		INJECTED from src\main\AndroidManifest.xml
		INJECTED from src\main\AndroidManifest.xml
	android:versionName
		ADDED from src\main\AndroidManifest.xml:4:5-30
	android:versionCode
		ADDED from src\main\AndroidManifest.xml:3:5-28
		INJECTED from src\main\AndroidManifest.xml
		INJECTED from src\main\AndroidManifest.xml
	xmlns:android
		ADDED from src\main\AndroidManifest.xml:1:11-69
uses-sdk
ADDED from src\main\AndroidManifest.xml:6:5-8:41
	android:targetSdkVersion
		ADDED from src\main\AndroidManifest.xml:8:9-38
		INJECTED from src\main\AndroidManifest.xml
		INJECTED from src\main\AndroidManifest.xml
	android:minSdkVersion
		ADDED from src\main\AndroidManifest.xml:7:9-35
		INJECTED from src\main\AndroidManifest.xml
		INJECTED from src\main\AndroidManifest.xml
application
ADDED from src\main\AndroidManifest.xml:10:5-46:19
	android:label
		ADDED from src\main\AndroidManifest.xml:12:9-41
	android:allowBackup
		ADDED from src\main\AndroidManifest.xml:13:9-36
	android:icon
		ADDED from src\main\AndroidManifest.xml:11:9-45
service#foo.bar.printservice.MyPrintService
ADDED from src\main\AndroidManifest.xml:14:9-24:19
	android:permission
		ADDED from src\main\AndroidManifest.xml:16:13-71
	android:name
		ADDED from src\main\AndroidManifest.xml:15:13-43
intent-filter#android.printservice.PrintService
ADDED from src\main\AndroidManifest.xml:17:11-19:27
action#android.printservice.PrintService
ADDED from src\main\AndroidManifest.xml:18:15-74
	android:name
		ADDED from src\main\AndroidManifest.xml:18:23-71
meta-data#android.printservice
ADDED from src\main\AndroidManifest.xml:20:11-23:23
	android:resource
		ADDED from src\main\AndroidManifest.xml:22:15-51
	android:name
		ADDED from src\main\AndroidManifest.xml:21:15-50
activity#foo.bar.printservice.SettingsActivity
ADDED from src\main\AndroidManifest.xml:25:9-29:20
	android:label
		ADDED from src\main\AndroidManifest.xml:27:13-60
	android:name
		ADDED from src\main\AndroidManifest.xml:26:13-45
activity#foo.bar.printservice.AddPrintersActivity
ADDED from src\main\AndroidManifest.xml:30:9-33:20
	android:label
		ADDED from src\main\AndroidManifest.xml:32:13-64
	android:name
		ADDED from src\main\AndroidManifest.xml:31:13-48
activity#foo.bar.printservice.MyDialogActivity
ADDED from src\main\AndroidManifest.xml:35:9-38:20
	android:exported
		ADDED from src\main\AndroidManifest.xml:37:13-37
	android:name
		ADDED from src\main\AndroidManifest.xml:36:13-45
activity#foo.bar.printservice.CustomPrintOptionsActivity
ADDED from src\main\AndroidManifest.xml:40:9-44:20
	android:exported
		ADDED from src\main\AndroidManifest.xml:42:13-36
	android:permission
		ADDED from src\main\AndroidManifest.xml:43:13-88
	android:name
		ADDED from src\main\AndroidManifest.xml:41:13-55